<?xml version="1.0" encoding="UTF-8"?>
<!-- Generated by org.testng.reporters.JUnitReportReporter -->
<testsuite hostname="MA-FON-009-N048" failures="0" tests="4" name="test.HelpTutorial" time="32.411" errors="0" timestamp="25 abr. 2022 21:52:28 GMT" skipped="0">
  <testcase classname="test.HelpTutorial" name="TestNavigateToTutorial" time="25.587"/>
  <testcase classname="test.HelpTutorial" name="TestShowTutorial" time="2.104"/>
  <testcase classname="test.HelpTutorial" name="Return" time="0.739"/>
  <testcase classname="test.HelpTutorial" name="TestShowTutorialAgain" time="3.981"/>
</testsuite> <!-- test.HelpTutorial -->
