<?xml version="1.0" encoding="UTF-8"?>
<!-- Generated by org.testng.reporters.JUnitReportReporter -->
<testsuite hostname="MA-FON-009-N048" failures="0" tests="2" name="test.ActivateDigitalInvoice" time="28.403" errors="0" timestamp="28 abr. 2022 16:19:03 GMT" skipped="0">
  <testcase classname="test.ActivateDigitalInvoice" name="NavigateToInvoiceSubscription" time="6.702"/>
  <testcase classname="test.ActivateDigitalInvoice" name="CheckDigitalInvoiceActivation" time="21.701"/>
</testsuite> <!-- test.ActivateDigitalInvoice -->
