<?xml version="1.0" encoding="UTF-8"?>
<!-- Generated by org.testng.reporters.JUnitReportReporter -->
<testsuite hostname="MA-FON-009-N048" failures="0" tests="1" name="test.ChatBotPolicesHelp" time="30.877" errors="0" timestamp="25 abr. 2022 22:02:50 GMT" skipped="0">
  <testcase classname="test.ChatBotPolicesHelp" name="FindChatBot" time="30.877"/>
</testsuite> <!-- test.ChatBotPolicesHelp -->
