<?xml version="1.0" encoding="UTF-8"?>
<!-- Generated by org.testng.reporters.JUnitReportReporter -->
<testsuite hostname="MA-FON-009-N048" failures="0" tests="1" name="test.PassWelcomeIntro" time="5.388" errors="0" timestamp="28 abr. 2022 16:19:03 GMT" skipped="0">
  <testcase classname="test.PassWelcomeIntro" name="Ubicacion" time="5.388"/>
</testsuite> <!-- test.PassWelcomeIntro -->
