<?xml version="1.0" encoding="UTF-8"?>
<!-- Generated by org.testng.reporters.JUnitReportReporter -->
<testsuite hostname="MA-FON-009-N048" failures="0" tests="4" name="test.OnBoarding" time="0.004" errors="0" timestamp="18 mar. 2022 22:43:32 GMT" skipped="0">
  <testcase classname="test.OnBoarding" name="PoliticasAcceso" time="0.000"/>
  <testcase classname="test.OnBoarding" name="PoliticasAcceso" time="0.003"/>
  <testcase classname="test.OnBoarding" name="Ubicacion" time="0.000"/>
  <testcase classname="test.OnBoarding" name="Ubicacion" time="0.001"/>
</testsuite> <!-- test.OnBoarding -->
