<?xml version="1.0" encoding="UTF-8"?>
<!-- Generated by org.testng.reporters.JUnitReportReporter -->
<testsuite hostname="MA-FON-009-N048" failures="0" tests="2" name="test.PassPolices" time="3.381" errors="0" timestamp="28 abr. 2022 16:19:03 GMT" skipped="0">
  <testcase classname="test.PassPolices" name="AceptaPoliticasdeUso" time="0.432"/>
  <testcase classname="test.PassPolices" name="AcceptaPermiso" time="2.949"/>
</testsuite> <!-- test.PassPolices -->
