<?xml version="1.0" encoding="UTF-8"?>
<!-- Generated by org.testng.reporters.JUnitReportReporter -->
<testsuite hostname="MA-FON-009-N048" failures="0" tests="5" name="test.WelComeIntro" time="15.338" errors="0" timestamp="25 abr. 2022 21:52:28 GMT" skipped="0">
  <testcase classname="test.WelComeIntro" name="OnBoardingTextOne" time="6.117"/>
  <testcase classname="test.WelComeIntro" name="OnBoardingTextTwo" time="2.190"/>
  <testcase classname="test.WelComeIntro" name="OnBoardingTextThree" time="2.301"/>
  <testcase classname="test.WelComeIntro" name="OnBoardingTextFour" time="2.236"/>
  <testcase classname="test.WelComeIntro" name="OnBoardingTextFive" time="2.494"/>
</testsuite> <!-- test.WelComeIntro -->
