<?xml version="1.0" encoding="UTF-8"?>
<!-- Generated by org.testng.reporters.JUnitReportReporter -->
<testsuite hostname="MA-FON-009-N048" failures="0" tests="2" name="test.Login" time="0.000" errors="0" timestamp="18 mar. 2022 22:43:32 GMT" skipped="0">
  <testcase classname="test.Login" name="LoginMiClaro" time="0.000"/>
  <testcase classname="test.Login" name="LoginMiClaro" time="0.000"/>
</testsuite> <!-- test.Login -->
