<?xml version="1.0" encoding="UTF-8"?>
<!-- Generated by org.testng.reporters.JUnitReportReporter -->
<testsuite hostname="MA-FON-009-N048" failures="0" tests="1" name="test.NewTest" time="0.009" errors="0" timestamp="18 mar. 2022 21:54:13 GMT" skipped="0">
  <testcase classname="test.NewTest" name="f" time="0.009"/>
</testsuite> <!-- test.NewTest -->
